e:\google driver\解魔方机器人源代码\magiccube-opt-kociemba\magiccube-opt-kociemba\x64\release\colorhandle.obj
e:\google driver\解魔方机器人源代码\magiccube-opt-kociemba\magiccube-opt-kociemba\x64\release\main.obj
e:\google driver\解魔方机器人源代码\magiccube-opt-kociemba\magiccube-opt-kociemba\x64\release\core.obj
e:\google driver\解魔方机器人源代码\magiccube-opt-kociemba\magiccube-opt-kociemba\x64\release\moc_colorhandle.obj
e:\google driver\解魔方机器人源代码\magiccube-opt-kociemba\magiccube-opt-kociemba\x64\release\stepopt.obj
e:\google driver\解魔方机器人源代码\magiccube-opt-kociemba\magiccube-opt-kociemba\x64\release\moc_magic.obj
e:\google driver\解魔方机器人源代码\magiccube-opt-kociemba\magiccube-opt-kociemba\x64\release\magic.obj
e:\google driver\解魔方机器人源代码\magiccube-opt-kociemba\magiccube-opt-kociemba\x64\release\cameraset.obj
e:\google driver\解魔方机器人源代码\magiccube-opt-kociemba\magiccube-opt-kociemba\x64\release\moc_cameraset.obj
e:\google driver\解魔方机器人源代码\magiccube-opt-kociemba\magiccube-opt-kociemba\x64\release\serial.obj
e:\google driver\解魔方机器人源代码\magiccube-opt-kociemba\magiccube-opt-kociemba\x64\release\moc_serial.obj
e:\google driver\解魔方机器人源代码\magiccube-opt-kociemba\magiccube-opt-kociemba\release\moc_predefs.h
e:\google driver\解魔方机器人源代码\magiccube-opt-kociemba\magiccube-opt-kociemba\ui_cameraset.h
e:\google driver\解魔方机器人源代码\magiccube-opt-kociemba\magiccube-opt-kociemba\ui_magic.h
e:\google driver\解魔方机器人源代码\magiccube-opt-kociemba\magiccube-opt-kociemba\release\moc_cameraset.cpp
e:\google driver\解魔方机器人源代码\magiccube-opt-kociemba\magiccube-opt-kociemba\release\moc_colorhandle.cpp
e:\google driver\解魔方机器人源代码\magiccube-opt-kociemba\magiccube-opt-kociemba\release\moc_magic.cpp
e:\google driver\解魔方机器人源代码\magiccube-opt-kociemba\magiccube-opt-kociemba\release\moc_serial.cpp
e:\google driver\rubik's cube code\magiccube-opt-kociemba\magiccube-opt-kociemba\x64\release\cameraset.obj
e:\google driver\rubik's cube code\magiccube-opt-kociemba\magiccube-opt-kociemba\x64\release\colorhandle.obj
e:\google driver\rubik's cube code\magiccube-opt-kociemba\magiccube-opt-kociemba\x64\release\core.obj
e:\google driver\rubik's cube code\magiccube-opt-kociemba\magiccube-opt-kociemba\x64\release\magic.obj
e:\google driver\rubik's cube code\magiccube-opt-kociemba\magiccube-opt-kociemba\x64\release\main.obj
e:\google driver\rubik's cube code\magiccube-opt-kociemba\magiccube-opt-kociemba\x64\release\moc_cameraset.obj
e:\google driver\rubik's cube code\magiccube-opt-kociemba\magiccube-opt-kociemba\x64\release\moc_colorhandle.obj
e:\google driver\rubik's cube code\magiccube-opt-kociemba\magiccube-opt-kociemba\x64\release\moc_magic.obj
e:\google driver\rubik's cube code\magiccube-opt-kociemba\magiccube-opt-kociemba\x64\release\moc_serial.obj
e:\google driver\rubik's cube code\magiccube-opt-kociemba\magiccube-opt-kociemba\x64\release\serial.obj
e:\google driver\rubik's cube code\magiccube-opt-kociemba\magiccube-opt-kociemba\x64\release\stepopt.obj
e:\google driver\rubik's cube code\magiccube-opt-kociemba\magiccube-opt-kociemba\x64\release\magiccube.tlog\cl.12540.write.1.tlog
e:\google driver\rubik's cube code\magiccube-opt-kociemba\magiccube-opt-kociemba\x64\release\magiccube.tlog\cl.command.1.tlog
e:\google driver\rubik's cube code\magiccube-opt-kociemba\magiccube-opt-kociemba\x64\release\magiccube.tlog\cl.read.1.tlog
e:\google driver\rubik's cube code\magiccube-opt-kociemba\magiccube-opt-kociemba\x64\release\magiccube.tlog\custombuild.command.1.tlog
e:\google driver\rubik's cube code\magiccube-opt-kociemba\magiccube-opt-kociemba\x64\release\magiccube.tlog\custombuild.read.1.tlog
e:\google driver\rubik's cube code\magiccube-opt-kociemba\magiccube-opt-kociemba\x64\release\magiccube.tlog\custombuild.write.1.tlog
e:\google driver\rubik's cube code\magiccube-opt-kociemba\magiccube-opt-kociemba\x64\release\magiccube.tlog\magiccube.write.1u.tlog
e:\google driver\rubik's cube code\magiccube-opt-kociemba\magiccube-opt-kociemba\x64\release\magiccube.tlog\moc.read.1u.tlog
e:\google driver\rubik's cube code\magiccube-opt-kociemba\magiccube-opt-kociemba\x64\release\magiccube.tlog\moc.write.1u.tlog
e:\google driver\rubik's cube code\magiccube-opt-kociemba\magiccube-opt-kociemba\x64\release\magiccube.tlog\rc.command.1.tlog
e:\google driver\rubik's cube code\magiccube-opt-kociemba\magiccube-opt-kociemba\x64\release\magiccube.tlog\rc.read.1.tlog
e:\google driver\rubik's cube code\magiccube-opt-kociemba\magiccube-opt-kociemba\x64\release\magiccube.tlog\rc.write.1.tlog
e:\google driver\rubik's cube code\magiccube-opt-kociemba\magiccube-opt-kociemba\x64\release\magiccube.tlog\uic.read.1u.tlog
e:\google driver\rubik's cube code\magiccube-opt-kociemba\magiccube-opt-kociemba\x64\release\magiccube.tlog\uic.write.1u.tlog
